<?xml version="1.0" encoding="UTF-8"?>
<testng-results skipped="0" failed="0" total="6" passed="6">
  <reporter-output>
  </reporter-output>
  <suite name="Surefire suite" duration-ms="22388" started-at="2019-10-08T13:22:06Z" finished-at="2019-10-08T13:22:29Z">
    <groups>
    </groups>
    <test name="Surefire test" duration-ms="22388" started-at="2019-10-08T13:22:06Z" finished-at="2019-10-08T13:22:29Z">
      <class name="com.leonardo.restaurantFinder.RestaurantFinderApplicationTests">
        <test-method status="PASS" signature="getRestaurantByWrongName()[pri:0, instance:getRestaurantByWrongName(com.leonardo.restaurantFinder.RestaurantFinderApplicationTests)]" name="getRestaurantByWrongName" duration-ms="147" started-at="2019-10-08T10:22:10Z" finished-at="2019-10-08T10:22:10Z">
          <reporter-output>
          </reporter-output>
        </test-method> <!-- getRestaurantByWrongName -->
        <test-method status="PASS" signature="getAllRestaurants()[pri:0, instance:getAllRestaurants(com.leonardo.restaurantFinder.RestaurantFinderApplicationTests)]" name="getAllRestaurants" duration-ms="4" started-at="2019-10-08T10:22:10Z" finished-at="2019-10-08T10:22:10Z">
          <reporter-output>
          </reporter-output>
        </test-method> <!-- getAllRestaurants -->
        <test-method status="PASS" signature="updateFavoriteRestaurant()[pri:0, instance:updateFavoriteRestaurant(com.leonardo.restaurantFinder.RestaurantFinderApplicationTests)]" name="updateFavoriteRestaurant" duration-ms="38" started-at="2019-10-08T10:22:10Z" finished-at="2019-10-08T10:22:10Z">
          <reporter-output>
          </reporter-output>
        </test-method> <!-- updateFavoriteRestaurant -->
        <test-method status="PASS" signature="getRestaurantByNameAndSort()[pri:0, instance:getRestaurantByNameAndSort(com.leonardo.restaurantFinder.RestaurantFinderApplicationTests)]" name="getRestaurantByNameAndSort" duration-ms="3" started-at="2019-10-08T10:22:10Z" finished-at="2019-10-08T10:22:10Z">
          <reporter-output>
          </reporter-output>
        </test-method> <!-- getRestaurantByNameAndSort -->
        <test-method status="PASS" signature="getRestaurantByName()[pri:0, instance:getRestaurantByName(com.leonardo.restaurantFinder.RestaurantFinderApplicationTests)]" name="getRestaurantByName" duration-ms="3" started-at="2019-10-08T10:22:10Z" finished-at="2019-10-08T10:22:10Z">
          <reporter-output>
          </reporter-output>
        </test-method> <!-- getRestaurantByName -->
      </class> <!-- com.leonardo.restaurantFinder.RestaurantFinderApplicationTests -->
      <class name="com.leonardo.restaurantFinder.stepDefinition.SearchSushiTest">
        <test-method status="PASS" signature="searchSushi()[pri:0, instance:searchSushi(com.leonardo.restaurantFinder.stepDefinition.SearchSushiTest)]" name="searchSushi" duration-ms="12724" started-at="2019-10-08T10:22:16Z" finished-at="2019-10-08T10:22:29Z">
          <reporter-output>
          </reporter-output>
        </test-method> <!-- searchSushi -->
      </class> <!-- com.leonardo.restaurantFinder.stepDefinition.SearchSushiTest -->
    </test> <!-- Surefire test -->
  </suite> <!-- Surefire suite -->
</testng-results>
