<?xml version="1.0" encoding="UTF-8"?>
<!-- Generated by org.testng.reporters.JUnitXMLReporter -->
<testsuite hostname="NB136268" name="Surefire test" tests="5" failures="0" timestamp="7 Oct 2019 03:59:10 GMT" time="3.297" errors="0">
  <testcase name="getRestaurantByWrongName on getRestaurantByWrongName(com.leonardo.restaurantFinder.RestaurantFinderApplicationTests)" time="0.138" classname="com.leonardo.restaurantFinder.RestaurantFinderApplicationTests"/>
  <testcase name="getAllRestaurants on getAllRestaurants(com.leonardo.restaurantFinder.RestaurantFinderApplicationTests)" time="0.004" classname="com.leonardo.restaurantFinder.RestaurantFinderApplicationTests"/>
  <testcase name="updateFavoriteRestaurant on updateFavoriteRestaurant(com.leonardo.restaurantFinder.RestaurantFinderApplicationTests)" time="0.045" classname="com.leonardo.restaurantFinder.RestaurantFinderApplicationTests"/>
  <testcase name="getRestaurantByNameAndSort on getRestaurantByNameAndSort(com.leonardo.restaurantFinder.RestaurantFinderApplicationTests)" time="0.003" classname="com.leonardo.restaurantFinder.RestaurantFinderApplicationTests"/>
  <testcase name="getRestaurantByName on getRestaurantByName(com.leonardo.restaurantFinder.RestaurantFinderApplicationTests)" time="0.002" classname="com.leonardo.restaurantFinder.RestaurantFinderApplicationTests"/>
</testsuite> <!-- Surefire test -->
