<?xml version="1.0" encoding="UTF-8"?>
<testsuite xmlns:xsi="http://www.w3.org/2001/XMLSchema-instance" xsi:noNamespaceSchemaLocation="https://maven.apache.org/surefire/maven-surefire-plugin/xsd/surefire-test-report.xsd" name="TestSuite" time="23.311" tests="6" errors="0" skipped="0" failures="0">
  <properties>
[...]
</properties>
  <testcase name="getRestaurantByWrongName on getRestaurantByWrongName(com.leonardo.restaurantFinder.RestaurantFinderApplicationTests)" classname="com.leonardo.restaurantFinder.RestaurantFinderApplicationTests" time="0.147"/>
  <testcase name="getAllRestaurants on getAllRestaurants(com.leonardo.restaurantFinder.RestaurantFinderApplicationTests)" classname="com.leonardo.restaurantFinder.RestaurantFinderApplicationTests" time="0.003"/>
  <testcase name="updateFavoriteRestaurant on updateFavoriteRestaurant(com.leonardo.restaurantFinder.RestaurantFinderApplicationTests)" classname="com.leonardo.restaurantFinder.RestaurantFinderApplicationTests" time="0.038"/>
  <testcase name="getRestaurantByNameAndSort on getRestaurantByNameAndSort(com.leonardo.restaurantFinder.RestaurantFinderApplicationTests)" classname="com.leonardo.restaurantFinder.RestaurantFinderApplicationTests" time="0.002"/>
  <testcase name="getRestaurantByName on getRestaurantByName(com.leonardo.restaurantFinder.RestaurantFinderApplicationTests)" classname="com.leonardo.restaurantFinder.RestaurantFinderApplicationTests" time="0.003"/>
  <testcase name="searchSushi on searchSushi(com.leonardo.restaurantFinder.stepDefinition.SearchSushiTest)" classname="com.leonardo.restaurantFinder.stepDefinition.SearchSushiTest" time="12.723"/>
</testsuite>