<?xml version="1.0" encoding="UTF-8"?>
<testng-results skipped="0" failed="0" total="5" passed="5">
  <reporter-output>
  </reporter-output>
  <suite name="Surefire suite" duration-ms="3297" started-at="2019-10-07T03:59:07Z" finished-at="2019-10-07T03:59:10Z">
    <groups>
    </groups>
    <test name="Surefire test" duration-ms="3297" started-at="2019-10-07T03:59:07Z" finished-at="2019-10-07T03:59:10Z">
      <class name="com.leonardo.restaurantFinder.RestaurantFinderApplicationTests">
        <test-method status="PASS" signature="getRestaurantByWrongName()[pri:0, instance:getRestaurantByWrongName(com.leonardo.restaurantFinder.RestaurantFinderApplicationTests)]" name="getRestaurantByWrongName" duration-ms="138" started-at="2019-10-07T00:59:10Z" finished-at="2019-10-07T00:59:10Z">
          <reporter-output>
          </reporter-output>
        </test-method> <!-- getRestaurantByWrongName -->
        <test-method status="PASS" signature="getAllRestaurants()[pri:0, instance:getAllRestaurants(com.leonardo.restaurantFinder.RestaurantFinderApplicationTests)]" name="getAllRestaurants" duration-ms="4" started-at="2019-10-07T00:59:10Z" finished-at="2019-10-07T00:59:10Z">
          <reporter-output>
          </reporter-output>
        </test-method> <!-- getAllRestaurants -->
        <test-method status="PASS" signature="updateFavoriteRestaurant()[pri:0, instance:updateFavoriteRestaurant(com.leonardo.restaurantFinder.RestaurantFinderApplicationTests)]" name="updateFavoriteRestaurant" duration-ms="45" started-at="2019-10-07T00:59:10Z" finished-at="2019-10-07T00:59:10Z">
          <reporter-output>
          </reporter-output>
        </test-method> <!-- updateFavoriteRestaurant -->
        <test-method status="PASS" signature="getRestaurantByNameAndSort()[pri:0, instance:getRestaurantByNameAndSort(com.leonardo.restaurantFinder.RestaurantFinderApplicationTests)]" name="getRestaurantByNameAndSort" duration-ms="3" started-at="2019-10-07T00:59:10Z" finished-at="2019-10-07T00:59:10Z">
          <reporter-output>
          </reporter-output>
        </test-method> <!-- getRestaurantByNameAndSort -->
        <test-method status="PASS" signature="getRestaurantByName()[pri:0, instance:getRestaurantByName(com.leonardo.restaurantFinder.RestaurantFinderApplicationTests)]" name="getRestaurantByName" duration-ms="2" started-at="2019-10-07T00:59:10Z" finished-at="2019-10-07T00:59:10Z">
          <reporter-output>
          </reporter-output>
        </test-method> <!-- getRestaurantByName -->
      </class> <!-- com.leonardo.restaurantFinder.RestaurantFinderApplicationTests -->
    </test> <!-- Surefire test -->
  </suite> <!-- Surefire suite -->
</testng-results>
