<?xml version="1.0" encoding="UTF-8"?>
<!-- Generated by org.testng.reporters.JUnitXMLReporter -->
<testsuite hostname="NB136268" name="Surefire test" tests="6" failures="0" timestamp="8 Oct 2019 13:22:29 GMT" time="22.388" errors="0">
  <testcase name="getRestaurantByWrongName on getRestaurantByWrongName(com.leonardo.restaurantFinder.RestaurantFinderApplicationTests)" time="0.147" classname="com.leonardo.restaurantFinder.RestaurantFinderApplicationTests"/>
  <testcase name="getAllRestaurants on getAllRestaurants(com.leonardo.restaurantFinder.RestaurantFinderApplicationTests)" time="0.004" classname="com.leonardo.restaurantFinder.RestaurantFinderApplicationTests"/>
  <testcase name="updateFavoriteRestaurant on updateFavoriteRestaurant(com.leonardo.restaurantFinder.RestaurantFinderApplicationTests)" time="0.038" classname="com.leonardo.restaurantFinder.RestaurantFinderApplicationTests"/>
  <testcase name="getRestaurantByNameAndSort on getRestaurantByNameAndSort(com.leonardo.restaurantFinder.RestaurantFinderApplicationTests)" time="0.003" classname="com.leonardo.restaurantFinder.RestaurantFinderApplicationTests"/>
  <testcase name="getRestaurantByName on getRestaurantByName(com.leonardo.restaurantFinder.RestaurantFinderApplicationTests)" time="0.003" classname="com.leonardo.restaurantFinder.RestaurantFinderApplicationTests"/>
  <testcase name="searchSushi on searchSushi(com.leonardo.restaurantFinder.stepDefinition.SearchSushiTest)" time="12.724" classname="com.leonardo.restaurantFinder.stepDefinition.SearchSushiTest"/>
</testsuite> <!-- Surefire test -->
